# JRE version: OpenJDK Runtime Environment (21.0.3) (build 21.0.3+-12282718-b509.11)
# Java VM: OpenJDK 64-Bit Server VM (21.0.3+-12282718-b509.11, mixed mode, tiered, compressed oops, compressed class ptrs, g1 gc, windows-amd64)
GC Precious Log:
 CardTable entry size: 512
 Card Set container configuration: InlinePtr #cards 5 size 8 Array Of Cards #cards 12 size 40 Howl #buckets 4 coarsen threshold 1843 Howl Bitmap #cards 512 size 80 coarsen threshold 460 Card regions per heap region 1 cards per card region 2048
 CPUs: 2 total, 2 available
 Memory: 3918M
 Large Page Support: Disabled
 NUMA Support: Disabled
 Compressed Oops: Enabled (32-bit)
 Heap Region Size: 1M
 Heap Min Capacity: 8M
 Heap Initial Capacity: 62M
 Heap Max Capacity: 2G
 Pre-touch: Disabled
 Parallel Workers: 2
 Concurrent Workers: 1
 Concurrent Refinement Workers: 2
 Periodic GC: Disabled
Heap:
 garbage-first heap   total 279552K, used 232960K [0x0000000080000000, 0x0000000100000000)
  region size 1024K, 70 young (71680K), 9 survivors (9216K)
 Metaspace       used 151411K, committed 153664K, reserved 1245184K
  class space    used 19370K, committed 20480K, reserved 1048576K
GC Heap History (20 events):
Event: 100.603 GC heap before
{Heap before GC invocations=39 (full 0):
 garbage-first heap   total 162816K, used 118272K [0x0000000080000000, 0x0000000100000000)
  region size 1024K, 16 young (16384K), 6 survivors (6144K)
 Metaspace       used 93344K, committed 95168K, reserved 1179648K
  class space    used 12808K, committed 13696K, reserved 1048576K
}
Event: 100.623 GC heap after
{Heap after GC invocations=40 (full 0):
 garbage-first heap   total 162816K, used 109056K [0x0000000080000000, 0x0000000100000000)
  region size 1024K, 3 young (3072K), 3 survivors (3072K)
 Metaspace       used 93344K, committed 95168K, reserved 1179648K
  class space    used 12808K, committed 13696K, reserved 1048576K
}
Event: 102.880 GC heap before
{Heap before GC invocations=41 (full 0):
 garbage-first heap   total 183296K, used 147968K [0x0000000080000000, 0x0000000100000000)
  region size 1024K, 36 young (36864K), 3 survivors (3072K)
 Metaspace       used 93525K, committed 95296K, reserved 1179648K
  class space    used 12833K, committed 13696K, reserved 1048576K
}
Event: 102.912 GC heap after
{Heap after GC invocations=42 (full 0):
 garbage-first heap   total 183296K, used 117248K [0x0000000080000000, 0x0000000100000000)
  region size 1024K, 5 young (5120K), 5 survivors (5120K)
 Metaspace       used 93525K, committed 95296K, reserved 1179648K
  class space    used 12833K, committed 13696K, reserved 1048576K
}
Event: 108.638 GC heap before
{Heap before GC invocations=42 (full 0):
 garbage-first heap   total 183296K, used 174592K [0x0000000080000000, 0x0000000100000000)
  region size 1024K, 45 young (46080K), 5 survivors (5120K)
 Metaspace       used 97873K, committed 99648K, reserved 1179648K
  class space    used 13319K, committed 14208K, reserved 1048576K
}
Event: 108.669 GC heap after
{Heap after GC invocations=43 (full 0):
 garbage-first heap   total 186368K, used 136070K [0x0000000080000000, 0x0000000100000000)
  region size 1024K, 5 young (5120K), 5 survivors (5120K)
 Metaspace       used 97873K, committed 99648K, reserved 1179648K
  class space    used 13319K, committed 14208K, reserved 1048576K
}
Event: 108.829 GC heap before
{Heap before GC invocations=43 (full 0):
 garbage-first heap   total 186368K, used 138118K [0x0000000080000000, 0x0000000100000000)
  region size 1024K, 8 young (8192K), 5 survivors (5120K)
 Metaspace       used 97917K, committed 99712K, reserved 1179648K
  class space    used 13319K, committed 14208K, reserved 1048576K
}
Event: 108.851 GC heap after
{Heap after GC invocations=44 (full 0):
 garbage-first heap   total 186368K, used 136704K [0x0000000080000000, 0x0000000100000000)
  region size 1024K, 1 young (1024K), 1 survivors (1024K)
 Metaspace       used 97917K, committed 99712K, reserved 1179648K
  class space    used 13319K, committed 14208K, reserved 1048576K
}
Event: 113.381 GC heap before
{Heap before GC invocations=45 (full 0):
 garbage-first heap   total 232448K, used 168448K [0x0000000080000000, 0x0000000100000000)
  region size 1024K, 31 young (31744K), 1 survivors (1024K)
 Metaspace       used 100769K, committed 102592K, reserved 1179648K
  class space    used 13620K, committed 14528K, reserved 1048576K
}
Event: 113.396 GC heap after
{Heap after GC invocations=46 (full 0):
 garbage-first heap   total 232448K, used 139683K [0x0000000080000000, 0x0000000100000000)
  region size 1024K, 4 young (4096K), 4 survivors (4096K)
 Metaspace       used 100769K, committed 102592K, reserved 1179648K
  class space    used 13620K, committed 14528K, reserved 1048576K
}
Event: 116.692 GC heap before
{Heap before GC invocations=46 (full 0):
 garbage-first heap   total 232448K, used 201123K [0x0000000080000000, 0x0000000100000000)
  region size 1024K, 64 young (65536K), 4 survivors (4096K)
 Metaspace       used 108648K, committed 110784K, reserved 1179648K
  class space    used 14533K, committed 15616K, reserved 1048576K
}
Event: 116.751 GC heap after
{Heap after GC invocations=47 (full 0):
 garbage-first heap   total 232448K, used 142048K [0x0000000080000000, 0x0000000100000000)
  region size 1024K, 7 young (7168K), 7 survivors (7168K)
 Metaspace       used 108648K, committed 110784K, reserved 1179648K
  class space    used 14533K, committed 15616K, reserved 1048576K
}
Event: 126.646 GC heap before
{Heap before GC invocations=47 (full 0):
 garbage-first heap   total 232448K, used 206560K [0x0000000080000000, 0x0000000100000000)
  region size 1024K, 69 young (70656K), 7 survivors (7168K)
 Metaspace       used 115642K, committed 117824K, reserved 1179648K
  class space    used 15371K, committed 16448K, reserved 1048576K
}
Event: 126.840 GC heap after
{Heap after GC invocations=48 (full 0):
 garbage-first heap   total 279552K, used 146905K [0x0000000080000000, 0x0000000100000000)
  region size 1024K, 9 young (9216K), 9 survivors (9216K)
 Metaspace       used 115642K, committed 117824K, reserved 1179648K
  class space    used 15371K, committed 16448K, reserved 1048576K
}
Event: 143.654 GC heap before
{Heap before GC invocations=48 (full 0):
 garbage-first heap   total 279552K, used 251353K [0x0000000080000000, 0x0000000100000000)
  region size 1024K, 112 young (114688K), 9 survivors (9216K)
 Metaspace       used 124847K, committed 126976K, reserved 1179648K
  class space    used 16367K, committed 17408K, reserved 1048576K
}
Event: 143.868 GC heap after
{Heap after GC invocations=49 (full 0):
 garbage-first heap   total 279552K, used 151552K [0x0000000080000000, 0x0000000100000000)
  region size 1024K, 10 young (10240K), 10 survivors (10240K)
 Metaspace       used 124847K, committed 126976K, reserved 1179648K
  class space    used 16367K, committed 17408K, reserved 1048576K
}
Event: 158.707 GC heap before
{Heap before GC invocations=50 (full 0):
 garbage-first heap   total 279552K, used 254976K [0x0000000080000000, 0x0000000100000000)
  region size 1024K, 106 young (108544K), 10 survivors (10240K)
 Metaspace       used 138047K, committed 140224K, reserved 1179648K
  class space    used 17734K, committed 18816K, reserved 1048576K
}
Event: 159.010 GC heap after
{Heap after GC invocations=51 (full 0):
 garbage-first heap   total 279552K, used 163328K [0x0000000080000000, 0x0000000100000000)
  region size 1024K, 13 young (13312K), 13 survivors (13312K)
 Metaspace       used 138047K, committed 140224K, reserved 1179648K
  class space    used 17734K, committed 18816K, reserved 1048576K
}
Event: 168.508 GC heap before
{Heap before GC invocations=51 (full 0):
 garbage-first heap   total 279552K, used 250368K [0x0000000080000000, 0x0000000100000000)
  region size 1024K, 98 young (100352K), 13 survivors (13312K)
 Metaspace       used 146743K, committed 149056K, reserved 1179648K
  class space    used 18772K, committed 19904K, reserved 1048576K
}
Event: 168.621 GC heap after
{Heap after GC invocations=52 (full 0):
 garbage-first heap   total 279552K, used 166400K [0x0000000080000000, 0x0000000100000000)
  region size 1024K, 9 young (9216K), 9 survivors (9216K)
 Metaspace       used 146743K, committed 149056K, reserved 1179648K
  class space    used 18772K, committed 19904K, reserved 1048576K
}

